2026-03-02T22:21:00+00:00 INFO Start-Cartflows_Frontend::redirect_to_thankyou_page
2026-03-02T22:21:00+00:00 INFO Only for thank you page
2026-03-02T22:21:00+00:00 INFO End-Cartflows_Frontend::redirect_to_thankyou_page
2026-03-02T22:50:44+00:00 INFO Start-Cartflows_Admin_Report_Emails::send_weekly_report_email
2026-03-02T22:50:44+00:00 INFO Send weekly emails to alperenacar123@gmail.com
2026-03-02T22:50:44+00:00 INFO Total Revenue: <span class="woocommerce-Price-amount amount"><bdi><span class="woocommerce-Price-currencySymbol">&#36;</span>0.00</bdi></span>
2026-03-02T22:58:22+00:00 INFO Start-Cartflows_Frontend::redirect_to_thankyou_page
2026-03-02T22:58:22+00:00 INFO Only for thank you page
2026-03-02T22:58:22+00:00 INFO End-Cartflows_Frontend::redirect_to_thankyou_page
2026-03-02T22:59:43+00:00 INFO Start-Cartflows_Frontend::redirect_to_thankyou_page
2026-03-02T22:59:43+00:00 INFO Only for thank you page
2026-03-02T22:59:43+00:00 INFO End-Cartflows_Frontend::redirect_to_thankyou_page
2026-03-02T23:01:18+00:00 INFO Start-Cartflows_Frontend::redirect_to_thankyou_page
2026-03-02T23:01:18+00:00 INFO Only for thank you page
2026-03-02T23:01:18+00:00 INFO End-Cartflows_Frontend::redirect_to_thankyou_page
2026-03-02T23:13:10+00:00 INFO Start-Cartflows_Frontend::redirect_to_thankyou_page
2026-03-02T23:13:10+00:00 INFO Only for thank you page
2026-03-02T23:13:10+00:00 INFO End-Cartflows_Frontend::redirect_to_thankyou_page
2026-03-02T23:15:29+00:00 INFO Start-Cartflows_Frontend::redirect_to_thankyou_page
2026-03-02T23:15:29+00:00 INFO Only for thank you page
2026-03-02T23:15:29+00:00 INFO End-Cartflows_Frontend::redirect_to_thankyou_page
