
[18:58:37 UTC] [INFO] Image subsizes deferral enabled for import
[19:00:32 UTC] [INFO] Image subsizes deferral enabled for import
[19:00:36 UTC] [INFO] Image subsizes deferral enabled for import
[19:02:38 UTC] [INFO] Image subsizes deferral enabled for import
[19:02:46 UTC] [INFO] Image subsizes deferral enabled for import
[19:02:46 UTC] [INFO] Image subsizes deferral enabled for import
[19:02:48 UTC] [INFO] Starting import process | Context: {"template_type":"classic","uuid":""}
[19:02:48 UTC] [INFO] Started Import Process
[19:02:48 UTC] [INFO] # System Details: 
[19:02:48 UTC] [INFO] Debug Mode 		: Disabled
[19:02:48 UTC] [INFO] Operating System 	: WINNT
[19:02:48 UTC] [INFO] Software 		: nginx/1.26.1
[19:02:48 UTC] [INFO] MySQL version 		: 10.6.23
[19:02:48 UTC] [INFO] XML Reader 		: Yes
[19:02:48 UTC] [INFO] PHP Version 		: 8.5.1
[19:02:48 UTC] [INFO] PHP Max Input Vars 	: 4000
[19:02:48 UTC] [INFO] PHP Max Post Size 	: 1000M
[19:02:48 UTC] [INFO] PHP Extension GD 	: Yes
[19:02:48 UTC] [INFO] PHP Max Execution Time 	: 1200
[19:02:48 UTC] [INFO] Max Upload Size 	: 300 MB
[19:02:48 UTC] [INFO] Memory Limit 		: Current memory limit 40M. We recommend setting memory to at least 64M.
[19:02:48 UTC] [INFO] Timezone 		: 0
[19:02:48 UTC] [INFO] 
-----

[19:02:48 UTC] [INFO] Importing Started! - 19:02:48 UTC
[19:02:48 UTC] [INFO] ---

[19:02:48 UTC] [INFO] WHY IMPORT PROCESS CAN FAIL? READ THIS - 
[19:02:48 UTC] [INFO] https://wpastra.com/docs/?p=1314&utm_source=demo-import-panel&utm_campaign=import-error&utm_medium=wp-dashboard

[19:02:48 UTC] [INFO] ---

[19:02:48 UTC] [SUCCESS] Import process start flag set successfully | Context: {"template_type":"classic"}
[19:02:51 UTC] [INFO] Image subsizes deferral enabled for import
[19:02:52 UTC] [INFO] Image subsizes deferral enabled for import
[19:02:57 UTC] [INFO] Image subsizes deferral enabled for import
[19:02:57 UTC] [INFO] Image subsizes deferral enabled for import
[19:03:00 UTC] [SUCCESS] {"required_plugins":{"active":[{"slug":"cartflows","init":"cartflows\/cartflows.php","name":"CartFlows"},{"slug":"ultimate-addons-for-gutenberg","init":"ultimate-addons-for-gutenberg\/ultimate-addons-for-gutenberg.php","name":"Spectra"},{"slug":"sureforms","init":"sureforms\/sureforms.php","name":"SureForms"},{"slug":"woocommerce","init":"woocommerce\/woocommerce.php","name":"WooCommerce"},{"slug":"woo-cart-abandonment-recovery","init":"woo-cart-abandonment-recovery\/woo-cart-abandonment-recovery.php","name":"WooCommerce Cart Abandonment Recovery"},{"slug":"woocommerce-payments","init":"woocommerce-payments\/woocommerce-payments.php","name":"WooPayments"}],"inactive":[],"notinstalled":[{"slug":"variation-swatches-woo","init":"variation-swatches-woo\/variation-swatches-woo.php","name":"Variation Swatches for WooCommerce","action":"http:\/\/localhost:10017\/wp-admin\/update.php?action=install-plugin&plugin=variation-swatches-woo&_wpnonce=22cbe19457"}]},"third_party_required_plugins":[],"update_avilable_plugins":[],"incompatible_plugins":[],"error":false} | Context: {"required_plugins":{"active":[{"slug":"cartflows","init":"cartflows\/cartflows.php","name":"CartFlows"},{"slug":"ultimate-addons-for-gutenberg","init":"ultimate-addons-for-gutenberg\/ultimate-addons-for-gutenberg.php","name":"Spectra"},{"slug":"sureforms","init":"sureforms\/sureforms.php","name":"SureForms"},{"slug":"woocommerce","init":"woocommerce\/woocommerce.php","name":"WooCommerce"},{"slug":"woo-cart-abandonment-recovery","init":"woo-cart-abandonment-recovery\/woo-cart-abandonment-recovery.php","name":"WooCommerce Cart Abandonment Recovery"},{"slug":"woocommerce-payments","init":"woocommerce-payments\/woocommerce-payments.php","name":"WooPayments"}],"inactive":[],"notinstalled":[{"slug":"variation-swatches-woo","init":"variation-swatches-woo\/variation-swatches-woo.php","name":"Variation Swatches for WooCommerce","action":"http:\/\/localhost:10017\/wp-admin\/update.php?action=install-plugin&plugin=variation-swatches-woo&_wpnonce=22cbe19457"}]},"third_party_required_plugins":[],"update_avilable_plugins":[],"incompatible_plugins":[],"error":false}
[19:03:02 UTC] [INFO] Image subsizes deferral enabled for import
[19:03:07 UTC] [INFO] Image subsizes deferral enabled for import
[19:03:08 UTC] [INFO] ---

[19:03:08 UTC] [INFO] Starting Cart Abandonment Recovery import process
[19:03:08 UTC] [INFO] info | Context: {"file_url":"https:\/\/websitedemos.net\/wp-content\/uploads\/astra-sites\/1556\/cart-abandonment-recovery.json","timeout_seconds":300}
[19:03:09 UTC] [INFO] success | Context: {"file_url":"https:\/\/websitedemos.net\/wp-content\/uploads\/astra-sites\/1556\/cart-abandonment-recovery.json","file_size":3251,"uploaded_file":"C:\\Users\\Alperen\\Local Sites\\titanframework\\app\\public\/wp-content\/uploads\/2026\/02\/cart-abandonment-recovery.json"}
[19:03:09 UTC] [SUCCESS] File downloaded successfully from: https://websitedemos.net/wp-content/uploads/astra-sites/1556/cart-abandonment-recovery.json
[19:03:09 UTC] [INFO] Checking if Cart Abandonment Recovery is already loaded
[19:03:09 UTC] [INFO] Cart Abandonment Recovery is already loaded and ready
[19:03:09 UTC] [SUCCESS] Cart Abandonment Recovery templates inserted successfully
[19:03:09 UTC] [SUCCESS] Imported Cart Abandonment Recovery data from https://websitedemos.net/wp-content/uploads/astra-sites/1556/cart-abandonment-recovery.json
[19:03:12 UTC] [INFO] Image subsizes deferral enabled for import
[19:03:13 UTC] [INFO] ---

[19:03:13 UTC] [INFO] Starting import customizer settings
[19:03:13 UTC] [INFO] Importing customizer settings | Context: {"settings_count":0}
[19:03:13 UTC] [INFO] Fetched customizer data from site data | Context: {"settings_count":2}
[19:03:13 UTC] [INFO] Starting customizer settings import | Context: {"settings_count":2}
[19:03:13 UTC] [INFO] Validating customizer data keys | Context: {"keys":["astra-settings","custom-css"]}
[19:03:13 UTC] [INFO] Old customizer data backed up
[19:03:14 UTC] [SUCCESS] Astra theme settings updated | Context: {"option_key":"astra-settings"}
[19:03:14 UTC] [SUCCESS] Custom CSS updated | Context: {"option_key":"custom-css"}
[19:03:14 UTC] [SUCCESS] Customizer settings import completed successfully
[19:03:14 UTC] [SUCCESS] Customizer settings imported successfully
[19:03:18 UTC] [INFO] Image subsizes deferral enabled for import
[19:03:20 UTC] [INFO] ---

[19:03:20 UTC] [INFO] Starting import Spectra settings
[19:03:20 UTC] [INFO] Starting Spectra settings import | Context: {"settings_count":30}
[19:03:20 UTC] [SUCCESS] Spectra settings imported successfully
[19:03:20 UTC] [SUCCESS] Spectra settings imported successfully. | Context: {"message":"Spectra settings imported successfully.","url":""}
[19:03:22 UTC] [INFO] Image subsizes deferral enabled for import
[19:03:24 UTC] [INFO] Image subsizes deferral enabled for import
[19:03:29 UTC] [INFO] Image subsizes deferral enabled for import
[19:04:00 UTC] [INFO] Image subsizes deferral enabled for import
[19:04:01 UTC] [INFO] ---

[19:04:01 UTC] [INFO] Starting XML preparation process
[19:04:01 UTC] [INFO] Starting XML data preparation | Context: {"wxr_url":"https:\/\/websitedemos.net\/wp-content\/uploads\/astra-sites\/1556\/wxr.xml"}
[19:04:01 UTC] [INFO] info | Context: {"url":"https:\/\/websitedemos.net\/wp-content\/uploads\/astra-sites\/1556\/wxr.xml","host":"websitedemos.net"}
[19:04:01 UTC] [INFO] WXR URL validation passed
[19:04:01 UTC] [INFO] Starting XML file download | Context: {"url":"https:\/\/websitedemos.net\/wp-content\/uploads\/astra-sites\/1556\/wxr.xml"}
[19:04:01 UTC] [INFO] info | Context: {"file_url":"https:\/\/websitedemos.net\/wp-content\/uploads\/astra-sites\/1556\/wxr.xml","timeout_seconds":300}
[19:04:05 UTC] [INFO] success | Context: {"file_url":"https:\/\/websitedemos.net\/wp-content\/uploads\/astra-sites\/1556\/wxr.xml","file_size":29989922,"uploaded_file":"C:\\Users\\Alperen\\Local Sites\\titanframework\\app\\public\/wp-content\/uploads\/2026\/02\/wxr.xml"}
[19:04:05 UTC] [SUCCESS] XML file downloaded successfully | Context: {"file_path":"C:\\Users\\Alperen\\Local Sites\\titanframework\\app\\public\/wp-content\/uploads\/2026\/02\/wxr.xml"}
[19:04:05 UTC] [INFO] Inserting XML file as attachment | Context: {"filename":"wxr.xml"}
[19:04:05 UTC] [SUCCESS] XML attachment created | Context: {"post_id":14}
[19:04:05 UTC] [INFO] Generating attachment metadata | Context: {"post_id":14}
[19:04:05 UTC] [INFO] Parsing XML data from file | Context: {"post_id":14}
[19:04:05 UTC] [INFO] info | Context: {"xml_file_path":"C:\\Users\\Alperen\\Local Sites\\titanframework\\app\\public\/wp-content\/uploads\/2026\/02\/wxr.xml","xml_post_id":14}
[19:04:07 UTC] [INFO] success | Context: {"xml_file_path":"C:\\Users\\Alperen\\Local Sites\\titanframework\\app\\public\/wp-content\/uploads\/2026\/02\/wxr.xml","post_count":360,"media_count":87,"author_count":1,"comment_count":0,"term_count":131}
[19:04:07 UTC] [SUCCESS] XML data preparation completed successfully | Context: {"post_id":14,"has_data":true}
[19:04:11 UTC] [INFO] Image subsizes deferral enabled for import
[19:04:13 UTC] [INFO] info | Context: {"xml_url_provided":false}
[19:04:13 UTC] [INFO] info | Context: {"xml_url":"C:\\Users\\Alperen\\Local Sites\\titanframework\\app\\public\/wp-content\/uploads\/2026\/02\/wxr.xml","file_size":29989922}
[19:04:53 UTC] [INFO] success | Context: {"post_id":1896,"post_type":"custom_css","original_id":6,"post_title":"astra"}
[19:04:53 UTC] [INFO] success | Context: {"post_id":1022,"post_type":"nav_menu_item","original_id":1022,"post_title":""}
[19:04:53 UTC] [INFO] success | Context: {"post_id":1023,"post_type":"nav_menu_item","original_id":1023,"post_title":""}
[19:04:54 UTC] [INFO] success | Context: {"post_id":1024,"post_type":"nav_menu_item","original_id":1024,"post_title":"Shop By Category"}
[19:04:54 UTC] [INFO] success | Context: {"post_id":1025,"post_type":"nav_menu_item","original_id":1025,"post_title":""}
[19:04:54 UTC] [INFO] success | Context: {"post_id":1026,"post_type":"nav_menu_item","original_id":1026,"post_title":""}
[19:04:54 UTC] [INFO] success | Context: {"post_id":1027,"post_type":"nav_menu_item","original_id":1027,"post_title":""}
[19:04:54 UTC] [INFO] success | Context: {"post_id":1028,"post_type":"nav_menu_item","original_id":1028,"post_title":""}
[19:04:54 UTC] [INFO] success | Context: {"post_id":1029,"post_type":"nav_menu_item","original_id":1029,"post_title":""}
[19:04:54 UTC] [INFO] success | Context: {"post_id":1030,"post_type":"nav_menu_item","original_id":1030,"post_title":""}
[19:04:54 UTC] [INFO] success | Context: {"post_id":1031,"post_type":"nav_menu_item","original_id":1031,"post_title":""}
[19:04:55 UTC] [INFO] success | Context: {"post_id":1032,"post_type":"nav_menu_item","original_id":1032,"post_title":""}
[19:04:55 UTC] [INFO] success | Context: {"post_id":1033,"post_type":"nav_menu_item","original_id":1033,"post_title":""}
[19:04:57 UTC] [INFO] Image subsizes deferral enabled for import
[19:04:58 UTC] [INFO] success | Context: {"post_id":299,"post_type":"product","original_id":299,"post_title":"Gold night party dress"}
[19:04:59 UTC] [INFO] success | Context: {"post_id":333,"post_type":"product","original_id":333,"post_title":"Scarlett red long dress"}
[19:05:00 UTC] [INFO] success | Context: {"post_id":334,"post_type":"product","original_id":334,"post_title":"Chloe tortoise eyewear"}
[19:05:01 UTC] [INFO] success | Context: {"post_id":335,"post_type":"product","original_id":335,"post_title":"Allure black watch"}
[19:05:02 UTC] [INFO] success | Context: {"post_id":336,"post_type":"product","original_id":336,"post_title":"Classic pant white"}
[19:05:02 UTC] [INFO] success | Context: {"post_id":343,"post_type":"product","original_id":343,"post_title":"Allice gold necklace"}
[19:05:02 UTC] [INFO] success | Context: {"post_id":344,"post_type":"product","original_id":344,"post_title":"Black high heels shoes"}
[19:05:03 UTC] [INFO] success | Context: {"post_id":1001,"post_type":"page","original_id":1001,"post_title":"Shop"}
[19:05:03 UTC] [INFO] success | Context: {"post_id":1002,"post_type":"page","original_id":1002,"post_title":"Cart"}
[19:05:03 UTC] [INFO] success | Context: {"post_id":1003,"post_type":"page","original_id":1003,"post_title":"Checkout"}
[19:05:03 UTC] [INFO] success | Context: {"post_id":1004,"post_type":"page","original_id":1004,"post_title":"My account"}
[19:05:03 UTC] [INFO] success | Context: {"post_id":1007,"post_type":"page","original_id":1007,"post_title":"Home"}
[19:05:03 UTC] [INFO] success | Context: {"post_id":1009,"post_type":"page","original_id":1009,"post_title":"About"}
[19:05:04 UTC] [INFO] success | Context: {"post_id":1011,"post_type":"page","original_id":1011,"post_title":"Collections"}
[19:05:04 UTC] [INFO] success | Context: {"post_id":1013,"post_type":"page","original_id":1013,"post_title":"New Arrivals"}
[19:05:04 UTC] [INFO] success | Context: {"post_id":1015,"post_type":"page","original_id":1015,"post_title":"Contact"}
[19:05:04 UTC] [INFO] success | Context: {"post_id":1017,"post_type":"nav_menu_item","original_id":1017,"post_title":"About Me"}
[19:05:05 UTC] [INFO] success | Context: {"post_id":1018,"post_type":"nav_menu_item","original_id":1018,"post_title":"My story"}
[19:05:05 UTC] [INFO] success | Context: {"post_id":1019,"post_type":"nav_menu_item","original_id":1019,"post_title":"Awards & Achievement"}
[19:05:05 UTC] [INFO] success | Context: {"post_id":1020,"post_type":"nav_menu_item","original_id":1020,"post_title":"Contact"}
[19:05:05 UTC] [INFO] success | Context: {"post_id":348,"post_type":"product","original_id":348,"post_title":"Noorin gold ring watch"}
[19:05:06 UTC] [INFO] success | Context: {"post_id":349,"post_type":"product","original_id":349,"post_title":"Silk long shirt white"}
[19:05:06 UTC] [INFO] success | Context: {"post_id":350,"post_type":"product","original_id":350,"post_title":"Floral short dress red"}
[19:05:06 UTC] [INFO] success | Context: {"post_id":351,"post_type":"product","original_id":351,"post_title":"Solla outdoor sunglasses"}
[19:05:07 UTC] [INFO] success | Context: {"post_id":352,"post_type":"product","original_id":352,"post_title":"Dora black gradient eyewear"}
[19:05:07 UTC] [INFO] success | Context: {"post_id":353,"post_type":"product","original_id":353,"post_title":"Claire high heels shoes"}
[19:05:07 UTC] [INFO] Image subsizes deferral enabled for import
[19:05:07 UTC] [INFO] success | Context: {"post_id":354,"post_type":"product","original_id":354,"post_title":"Eline short dress black"}
[19:05:08 UTC] [INFO] success | Context: {"post_id":355,"post_type":"product","original_id":355,"post_title":"Benne long sleeve shirt black"}
[19:05:08 UTC] [INFO] success | Context: {"post_id":356,"post_type":"product","original_id":356,"post_title":"Donna gold frame glasses"}
[19:05:09 UTC] [INFO] success | Context: {"post_id":357,"post_type":"product","original_id":357,"post_title":"Exile pearl necklace"}
[19:05:09 UTC] [INFO] success | Context: {"post_id":358,"post_type":"product","original_id":358,"post_title":"Emerald green shoes"}
[19:05:09 UTC] [INFO] success | Context: {"post_id":359,"post_type":"product","original_id":359,"post_title":"Mila dual pocket pant"}
[19:05:10 UTC] [INFO] success | Context: {"post_id":360,"post_type":"product","original_id":360,"post_title":"Serenity silver watch"}
[19:05:10 UTC] [INFO] success | Context: {"post_id":362,"post_type":"product","original_id":362,"post_title":"Meena dress maroon"}
[19:05:10 UTC] [INFO] success | Context: {"post_id":363,"post_type":"product","original_id":363,"post_title":"Alnich night dress navy"}
[19:05:11 UTC] [INFO] success | Context: {"post_id":364,"post_type":"product","original_id":364,"post_title":"Spark nigh party dress green"}
[19:05:11 UTC] [INFO] success | Context: {"post_id":365,"post_type":"product","original_id":365,"post_title":"Eterna long dress black"}
[19:05:11 UTC] [INFO] success | Context: {"post_id":3083,"post_type":"sureforms_form","original_id":3083,"post_title":"Simple Contact form"}
[19:05:11 UTC] [INFO] success | Context: {"post_id":3084,"post_type":"sureforms_form","original_id":3084,"post_title":"NewsLetter Form"}
[19:05:12 UTC] [INFO] success | Context: {"post_id":1238,"post_type":"wp_global_styles","original_id":1238,"post_title":"Custom Styles"}
[19:05:12 UTC] [INFO] success | Context: {"post_id":3106,"post_type":"wp_global_styles","original_id":3106,"post_title":"Custom Styles"}
[19:05:13 UTC] [INFO] success | Context: {"xml_url":"C:\\Users\\Alperen\\Local Sites\\titanframework\\app\\public\/wp-content\/uploads\/2026\/02\/wxr.xml"}
[19:05:16 UTC] [INFO] Image subsizes deferral enabled for import
[19:05:25 UTC] [INFO] Image subsizes deferral enabled for import
[19:05:26 UTC] [INFO] Image subsizes deferral enabled for import
[19:05:27 UTC] [INFO] ---

[19:05:27 UTC] [INFO] Starting import options
[19:05:27 UTC] [INFO] Importing site options | Context: {"options":[]}
[19:05:27 UTC] [INFO] Starting site options import | Context: {"options_count":62}
[19:05:27 UTC] [INFO] Old site options backed up
[19:05:27 UTC] [INFO] Processing option | Context: {"option_name":"woocommerce_product_attributes"}
[19:05:27 UTC] [INFO] Updating standard option | Context: {"option_name":"woocommerce_product_attributes"}
[19:05:28 UTC] [INFO] Processing option | Context: {"option_name":"woocommerce_product_cat_list"}
[19:05:28 UTC] [INFO] Updating standard option | Context: {"option_name":"woocommerce_product_cat_list"}
[19:05:28 UTC] [INFO] Processing option | Context: {"option_name":"woocommerce_product_cat"}
[19:05:28 UTC] [INFO] Updating standard option | Context: {"option_name":"woocommerce_product_cat"}
[19:05:28 UTC] [INFO] Processing option | Context: {"option_name":"custom_logo"}
[19:05:28 UTC] [INFO] Importing custom logo | Context: {"logo_id":"https:\/\/websitedemos.net\/fashion-designer-boutique-09\/wp-content\/uploads\/sites\/1556\/2021\/07\/site-logo.svg"}
[19:05:28 UTC] [INFO] info | Context: {"url":"https:\/\/websitedemos.net\/fashion-designer-boutique-09\/wp-content\/uploads\/sites\/1556\/2021\/07\/site-logo.svg"}
[19:05:28 UTC] [INFO] info | Context: {"url":"https:\/\/websitedemos.net\/fashion-designer-boutique-09\/wp-content\/uploads\/sites\/1556\/2021\/07\/site-logo.svg","sha1":"b079667218b4f832529e24d501ec99848d4a0ebc"}
[19:05:28 UTC] [INFO] info | Context: {"url":"https:\/\/websitedemos.net\/fashion-designer-boutique-09\/wp-content\/uploads\/sites\/1556\/2021\/07\/site-logo.svg","sha1":"b079667218b4f832529e24d501ec99848d4a0ebc"}
[19:05:28 UTC] [INFO] success | Context: {"url":"https:\/\/websitedemos.net\/fashion-designer-boutique-09\/wp-content\/uploads\/sites\/1556\/2021\/07\/site-logo.svg","attachment_id":"25","attachment_url":"http:\/\/localhost:10017\/wp-content\/uploads\/2021\/07\/site-logo.svg"}
[19:05:28 UTC] [INFO] success | Context: {"url":"https:\/\/websitedemos.net\/fashion-designer-boutique-09\/wp-content\/uploads\/sites\/1556\/2021\/07\/site-logo.svg","attachment_id":"25"}
[19:05:28 UTC] [INFO] success | Context: {"url":"https:\/\/websitedemos.net\/fashion-designer-boutique-09\/wp-content\/uploads\/sites\/1556\/2021\/07\/site-logo.svg","attachment_id":"25","logo_url":"http:\/\/localhost:10017\/wp-content\/uploads\/2021\/07\/site-logo.svg"}
[19:05:28 UTC] [INFO] Processing option | Context: {"option_name":"nav_menu_locations"}
[19:05:28 UTC] [INFO] Setting navigation menu locations | Context: {"menu_count":2}
[19:05:28 UTC] [INFO] info | Context: {"total_locations":2}
[19:05:28 UTC] [INFO] info | Context: {"location":"primary","slug":"primary-menu","menu_id":29}
[19:05:28 UTC] [INFO] info | Context: {"location":"mobile_menu","slug":"primary-menu","menu_id":29}
[19:05:28 UTC] [INFO] success | Context: {"successful_mappings":2,"failed_locations":[],"total_locations":2}
[19:05:28 UTC] [INFO] Processing option | Context: {"option_name":"show_on_front"}
[19:05:28 UTC] [INFO] Updating standard option | Context: {"option_name":"show_on_front"}
[19:05:28 UTC] [INFO] Processing option | Context: {"option_name":"page_on_front"}
[19:05:28 UTC] [INFO] Updating page ID option | Context: {"option_name":"page_on_front","option_value":"Home"}
[19:05:28 UTC] [INFO] info | Context: {"option_name":"page_on_front","option_value":"Home"}
[19:05:28 UTC] [INFO] success | Context: {"option_name":"page_on_front","page_title":"Home","page_id":1007}
[19:05:28 UTC] [INFO] Processing option | Context: {"option_name":"page_for_posts"}
[19:05:28 UTC] [INFO] Updating page ID option | Context: {"option_name":"page_for_posts","option_value":""}
[19:05:28 UTC] [INFO] warning | Context: {"option_name":"page_for_posts"}
[19:05:28 UTC] [INFO] Option value is null, skipping | Context: {"option_name":"_fl_builder_enabled_icons"}
[19:05:28 UTC] [INFO] Option value is null, skipping | Context: {"option_name":"_fl_builder_enabled_modules"}
[19:05:28 UTC] [INFO] Option value is null, skipping | Context: {"option_name":"_fl_builder_post_types"}
[19:05:28 UTC] [INFO] Option value is null, skipping | Context: {"option_name":"_fl_builder_color_presets"}
[19:05:28 UTC] [INFO] Option value is null, skipping | Context: {"option_name":"_fl_builder_services"}
[19:05:28 UTC] [INFO] Option value is null, skipping | Context: {"option_name":"_fl_builder_settings"}
[19:05:29 UTC] [INFO] Option value is null, skipping | Context: {"option_name":"_fl_builder_user_access"}
[19:05:29 UTC] [INFO] Option value is null, skipping | Context: {"option_name":"_fl_builder_enabled_templates"}
[19:05:29 UTC] [INFO] Option value is null, skipping | Context: {"option_name":"elementor_container_width"}
[19:05:29 UTC] [INFO] Option value is null, skipping | Context: {"option_name":"elementor_cpt_support"}
[19:05:29 UTC] [INFO] Option value is null, skipping | Context: {"option_name":"elementor_css_print_method"}
[19:05:29 UTC] [INFO] Option value is null, skipping | Context: {"option_name":"elementor_default_generic_fonts"}
[19:05:29 UTC] [INFO] Option value is null, skipping | Context: {"option_name":"elementor_disable_color_schemes"}
[19:05:29 UTC] [INFO] Option value is null, skipping | Context: {"option_name":"elementor_disable_typography_schemes"}
[19:05:29 UTC] [INFO] Option value is null, skipping | Context: {"option_name":"elementor_editor_break_lines"}
[19:05:29 UTC] [INFO] Option value is null, skipping | Context: {"option_name":"elementor_exclude_user_roles"}
[19:05:29 UTC] [INFO] Option value is null, skipping | Context: {"option_name":"elementor_global_image_lightbox"}
[19:05:29 UTC] [INFO] Option value is null, skipping | Context: {"option_name":"elementor_page_title_selector"}
[19:05:29 UTC] [INFO] Option value is null, skipping | Context: {"option_name":"elementor_scheme_color"}
[19:05:29 UTC] [INFO] Option value is null, skipping | Context: {"option_name":"elementor_scheme_color-picker]"}
[19:05:29 UTC] [INFO] Option value is null, skipping | Context: {"option_name":"elementor_scheme_typography"}
[19:05:29 UTC] [INFO] Option value is null, skipping | Context: {"option_name":"elementor_space_between_widgets"}
[19:05:29 UTC] [INFO] Option value is null, skipping | Context: {"option_name":"elementor_stretched_section_container"}
[19:05:29 UTC] [INFO] Option value is null, skipping | Context: {"option_name":"elementor_load_fa4_shim"}
[19:05:29 UTC] [INFO] Option value is null, skipping | Context: {"option_name":"elementor_active_kit"}
[19:05:29 UTC] [INFO] Option value is null, skipping | Context: {"option_name":"elementor_experiment-container"}
[19:05:29 UTC] [INFO] Processing option | Context: {"option_name":"elementor_install_history"}
[19:05:29 UTC] [INFO] Updating standard option | Context: {"option_name":"elementor_install_history"}
[19:05:29 UTC] [INFO] Processing option | Context: {"option_name":"woocommerce_shop_page_title"}
[19:05:29 UTC] [INFO] Updating standard option | Context: {"option_name":"woocommerce_shop_page_title"}
[19:05:29 UTC] [INFO] Processing option | Context: {"option_name":"woocommerce_cart_page_title"}
[19:05:29 UTC] [INFO] Updating standard option | Context: {"option_name":"woocommerce_cart_page_title"}
[19:05:29 UTC] [INFO] Processing option | Context: {"option_name":"woocommerce_checkout_page_title"}
[19:05:29 UTC] [INFO] Updating standard option | Context: {"option_name":"woocommerce_checkout_page_title"}
[19:05:29 UTC] [INFO] Processing option | Context: {"option_name":"woocommerce_myaccount_page_title"}
[19:05:29 UTC] [INFO] Updating standard option | Context: {"option_name":"woocommerce_myaccount_page_title"}
[19:05:29 UTC] [INFO] Processing option | Context: {"option_name":"woocommerce_edit_address_page_title"}
[19:05:29 UTC] [INFO] Updating standard option | Context: {"option_name":"woocommerce_edit_address_page_title"}
[19:05:29 UTC] [INFO] Processing option | Context: {"option_name":"woocommerce_view_order_page_title"}
[19:05:29 UTC] [INFO] Updating standard option | Context: {"option_name":"woocommerce_view_order_page_title"}
[19:05:29 UTC] [INFO] Processing option | Context: {"option_name":"woocommerce_change_password_page_title"}
[19:05:29 UTC] [INFO] Updating standard option | Context: {"option_name":"woocommerce_change_password_page_title"}
[19:05:29 UTC] [INFO] Processing option | Context: {"option_name":"woocommerce_logout_page_title"}
[19:05:29 UTC] [INFO] Updating standard option | Context: {"option_name":"woocommerce_logout_page_title"}
[19:05:29 UTC] [INFO] Processing option | Context: {"option_name":"woocommerce_enable_guest_checkout"}
[19:05:30 UTC] [INFO] Updating standard option | Context: {"option_name":"woocommerce_enable_guest_checkout"}
[19:05:30 UTC] [INFO] Processing option | Context: {"option_name":"woocommerce_enable_checkout_login_reminder"}
[19:05:30 UTC] [INFO] Updating standard option | Context: {"option_name":"woocommerce_enable_checkout_login_reminder"}
[19:05:30 UTC] [INFO] Processing option | Context: {"option_name":"woocommerce_enable_signup_and_login_from_checkout"}
[19:05:30 UTC] [INFO] Updating standard option | Context: {"option_name":"woocommerce_enable_signup_and_login_from_checkout"}
[19:05:30 UTC] [INFO] Processing option | Context: {"option_name":"woocommerce_enable_myaccount_registration"}
[19:05:30 UTC] [INFO] Updating standard option | Context: {"option_name":"woocommerce_enable_myaccount_registration"}
[19:05:30 UTC] [INFO] Processing option | Context: {"option_name":"woocommerce_registration_generate_username"}
[19:05:30 UTC] [INFO] Updating standard option | Context: {"option_name":"woocommerce_registration_generate_username"}
[19:05:30 UTC] [INFO] Processing option | Context: {"option_name":"edd_settings"}
[19:05:30 UTC] [INFO] Updating standard option | Context: {"option_name":"edd_settings"}
[19:05:30 UTC] [INFO] Processing option | Context: {"option_name":"wpforms_settings"}
[19:05:30 UTC] [INFO] Updating standard option | Context: {"option_name":"wpforms_settings"}
[19:05:30 UTC] [INFO] Option value is null, skipping | Context: {"option_name":"learndash_settings_theme_ld30"}
[19:05:30 UTC] [INFO] Option value is null, skipping | Context: {"option_name":"learndash_settings_courses_themes"}
[19:05:30 UTC] [INFO] Option value is null, skipping | Context: {"option_name":"srfm_general_settings_options"}
[19:05:30 UTC] [INFO] Option value is null, skipping | Context: {"option_name":"get_default_dynamic_block_option"}
[19:05:30 UTC] [INFO] Processing option | Context: {"option_name":"srfm_default_dynamic_block_option"}
[19:05:30 UTC] [INFO] Updating standard option | Context: {"option_name":"srfm_default_dynamic_block_option"}
[19:05:30 UTC] [INFO] Option value is null, skipping | Context: {"option_name":"srfm_email_summary_settings_options"}
[19:05:30 UTC] [INFO] Option value is null, skipping | Context: {"option_name":"srfm_security_settings_options"}
[19:05:30 UTC] [INFO] Option value is null, skipping | Context: {"option_name":"cfvsw_global"}
[19:05:30 UTC] [INFO] Option value is null, skipping | Context: {"option_name":"cfvsw_shop"}
[19:05:30 UTC] [INFO] Option value is null, skipping | Context: {"option_name":"cfvsw_style"}
[19:05:30 UTC] [INFO] Processing option | Context: {"option_name":"astra-color-palettes"}
[19:05:30 UTC] [INFO] Updating standard option | Context: {"option_name":"astra-color-palettes"}
[19:05:30 UTC] [INFO] Processing option | Context: {"option_name":"astra-typography-presets"}
[19:05:30 UTC] [INFO] Updating standard option | Context: {"option_name":"astra-typography-presets"}
[19:05:30 UTC] [INFO] Running st_importer_import_site_options action
[19:05:30 UTC] [INFO] Processing site options import - Total options: 62
[19:05:30 UTC] [INFO] Updated option: woocommerce_product_attributes
[19:05:30 UTC] [INFO] Updated option: woocommerce_product_cat_list | Context: {"31":{"term_id":31,"name":"Uncategorized","slug":"uncategorized","description":""},"38":{"term_id":38,"name":"Accessories","slug":"accessories","description":""},"42":{"term_id":42,"name":"Bottoms","slug":"bottoms","description":""},"51":{"term_id":51,"name":"Dresses","slug":"dresses","description":""},"59":{"term_id":59,"name":"Footwear","slug":"footwear","description":""},"109":{"term_id":109,"name":"Tops","slug":"tops","description":""}}
[19:05:30 UTC] [INFO] Processing WooCommerce product categories - Total: 6
[19:05:30 UTC] [SUCCESS] WooCommerce product categories processed successfully
[19:05:30 UTC] [INFO] Inserting custom logo from URL: https://websitedemos.net/fashion-designer-boutique-09/wp-content/uploads/sites/1556/2021/07/site-logo.svg
[19:05:30 UTC] [INFO] Starting image import for URL: https://websitedemos.net/fashion-designer-boutique-09/wp-content/uploads/sites/1556/2021/07/site-logo.svg
[19:05:30 UTC] [INFO] Image already exists in media library (ID: 25), skipping download
[19:05:30 UTC] [SUCCESS] Custom logo set successfully - ID: 25
[19:05:30 UTC] [INFO] Setting nav menu locations - Total menus: 2
[19:05:30 UTC] [INFO] Menu location 'primary' set to term ID: 29
[19:05:30 UTC] [INFO] Menu location 'mobile_menu' set to term ID: 29
[19:05:31 UTC] [SUCCESS] Nav menu locations updated successfully
[19:05:31 UTC] [INFO] Updated option: show_on_front | Context: "page"
[19:05:31 UTC] [INFO] Updating page ID for option: page_on_front with value: Home
[19:05:31 UTC] [INFO] Page ID updated for page_on_front: 1007
[19:05:31 UTC] [INFO] Updating page ID for option: page_for_posts with value: 
[19:05:31 UTC] [INFO] Updated option: elementor_install_history | Context: {"3.29.1":1749209501}
[19:05:31 UTC] [INFO] Updating WooCommerce page ID for option: woocommerce_shop_page_title with value: Shop
[19:05:31 UTC] [INFO] Updating page ID for option: woocommerce_shop_page_id with value: Shop
[19:05:31 UTC] [INFO] Page ID updated for woocommerce_shop_page_id: 1001
[19:05:31 UTC] [INFO] Updating WooCommerce page ID for option: woocommerce_cart_page_title with value: Cart
[19:05:31 UTC] [INFO] Updating page ID for option: woocommerce_cart_page_id with value: Cart
[19:05:31 UTC] [INFO] Page ID updated for woocommerce_cart_page_id: 1002
[19:05:31 UTC] [INFO] Updating WooCommerce page ID for option: woocommerce_checkout_page_title with value: Checkout
[19:05:31 UTC] [INFO] Updating page ID for option: woocommerce_checkout_page_id with value: Checkout
[19:05:31 UTC] [INFO] Page ID updated for woocommerce_checkout_page_id: 1003
[19:05:31 UTC] [INFO] Updating WooCommerce page ID for option: woocommerce_myaccount_page_title with value: My account
[19:05:31 UTC] [INFO] Updating page ID for option: woocommerce_myaccount_page_id with value: My account
[19:05:31 UTC] [INFO] Page ID updated for woocommerce_myaccount_page_id: 1004
[19:05:31 UTC] [INFO] Updating WooCommerce page ID for option: woocommerce_edit_address_page_title with value: 
[19:05:31 UTC] [INFO] Updating page ID for option: woocommerce_edit_address_page_id with value: 
[19:05:31 UTC] [INFO] Updating WooCommerce page ID for option: woocommerce_view_order_page_title with value: 
[19:05:31 UTC] [INFO] Updating page ID for option: woocommerce_view_order_page_id with value: 
[19:05:31 UTC] [INFO] Updating WooCommerce page ID for option: woocommerce_change_password_page_title with value: 
[19:05:31 UTC] [INFO] Updating page ID for option: woocommerce_change_password_page_id with value: 
[19:05:31 UTC] [INFO] Updating WooCommerce page ID for option: woocommerce_logout_page_title with value: 
[19:05:31 UTC] [INFO] Updating page ID for option: woocommerce_logout_page_id with value: 
[19:05:31 UTC] [INFO] Updated option: woocommerce_enable_guest_checkout | Context: "yes"
[19:05:31 UTC] [INFO] Updated option: woocommerce_enable_checkout_login_reminder | Context: "no"
[19:05:31 UTC] [INFO] Updated option: woocommerce_enable_signup_and_login_from_checkout | Context: "no"
[19:05:31 UTC] [INFO] Updated option: woocommerce_enable_myaccount_registration | Context: "no"
[19:05:31 UTC] [INFO] Updated option: woocommerce_registration_generate_username | Context: "yes"
[19:05:31 UTC] [INFO] Updated option: edd_settings | Context: {"disable_styles":true}
[19:05:31 UTC] [INFO] Updated option: wpforms_settings | Context: {"disable-css":"2","global-assets":false,"gdpr":false,"modern-markup":"0","modern-markup-is-set":true}
[19:05:31 UTC] [INFO] Updated option: srfm_default_dynamic_block_option | Context: {"srfm_url_block_required_text":"This field is required.","srfm_input_block_required_text":"This field is required.","srfm_input_block_unique_text":"Value needs to be unique.","srfm_address_block_required_text":"This field is required.","srfm_phone_block_required_text":"This field is required.","srfm_phone_block_unique_text":"Value needs to be unique.","srfm_number_block_required_text":"This field is required.","srfm_textarea_block_required_text":"This field is required.","srfm_multi_choice_block_required_text":"This field is required.","srfm_checkbox_block_required_text":"This field is required.","srfm_gdpr_block_required_text":"This field is required.","srfm_email_block_required_text":"This field is required.","srfm_email_block_unique_text":"Value needs to be unique.","srfm_dropdown_block_required_text":"This field is required.","srfm_rating_block_required_text":"This field is required.","srfm_valid_phone_number":"Please enter a valid phone number.","srfm_valid_url":"Please enter a valid URL.","srfm_confirm_email_same":"Confirmation email does not match.","srfm_valid_email":"Please enter a valid email address.","srfm_input_min_value":"Minimum value is %s","srfm_input_max_value":"Maximum value is %s","srfm_dropdown_min_selections":"Minimum %s selections are required","srfm_dropdown_max_selections":"Maximum %s selections are allowed","srfm_multi_choice_min_selections":"Minimum %s selections are required","srfm_multi_choice_max_selections":"Maximum %s selections are allowed"}
[19:05:31 UTC] [INFO] Updated option: astra-color-palettes | Context: {"currentPalette":"palette_1","palettes":{"palette_1":["#ddd1c1","#6a5950","#26222f","#312e39","#f7f7f7","#ffffff","#fdf6f1","#26222f","#26222f"],"palette_2":["#0274be","#3a3a3a","#3a3a3a","#b8b8b8","#ffffff","#ffffff","#f0f9fe","#d5ebf9","#544c67"],"palette_3":["#0274be","#3a3a3a","#3a3a3a","#b8b8b8","#ffffff","#ffffff","#f0f9fe","#d5ebf9","#544c67"],"palette_4":["#0085FF","#0177E3","#FFFFFF","#E7F6FF","#212A37","#0F172A","#4F5B62","#070614","#222222"]},"flag":true,"presets":{"Oak":["#0067FF","#005EE9","#0F172A","#364151","#E7F6FF","#FFFFFF","#D1DAE5","#070614","#222222"],"Viola":["#6528F7","#5511F8","#0F172A","#454F5E","#F2F0FE","#FFFFFF","#D8D8F5","#0D0614","#222222"],"Cedar":["#DD183B","#CC1939","#0F172A","#3A3A3A","#FFEDE6","#FFFFFF","#FFD1BF","#140609","#222222"],"Willow":["#54B435","#379237","#0F172A","#2F3B40","#EDFBE2","#FFFFFF","#D5EAD8","#0C1406","#222222"],"Lily":["#DCA54A","#D09A40","#0F172A","#4A4A4A","#FAF5E5","#FFFFFF","#F0E6C5","#141004","#222222"],"Rose":["#FB5FAB","#EA559D","#0F172A","#454F5E","#FCEEF5","#FFFFFF","#FAD8E9","#140610","#222222"],"Sage":["#1B9C85","#178E79","#0F172A","#454F5E","#EDF6EE","#FFFFFF","#D4F3D7","#06140C","#222222"],"Flare":["#FD9800","#E98C00","#0F172A","#454F5E","#FEF9E1","#FFFFFF","#F9F0C8","#141006","#222222"],"Maple":["#FF6210","#F15808","#1C0D0A","#353535","#FEF1E4","#FFFFFF","#E5D7D1","#140B06","#222222"],"Birch":["#737880","#65696F","#151616","#393C40","#F6F6F6","#FFFFFF","#F1F0F0","#232529","#222222"],"Dark":["#0085FF","#0177E3","#FFFFFF","#E7F6FF","#212A37","#0F172A","#4F5B62","#070614","#222222"]}}
[19:05:31 UTC] [INFO] Updated option: astra-typography-presets
[19:05:31 UTC] [SUCCESS] Classic templates options import completed successfully
[19:05:32 UTC] [SUCCESS] Site options import completed successfully | Context: {"processed_count":27,"skipped_count":35,"total_count":62}
[19:05:32 UTC] [SUCCESS] Site options Imported!
[19:05:36 UTC] [INFO] Image subsizes deferral enabled for import
[19:05:38 UTC] [INFO] ---

[19:05:38 UTC] [INFO] Starting import widgets
[19:05:38 UTC] [INFO] Importing widgets
[19:05:38 UTC] [INFO] Starting widgets import
[19:05:38 UTC] [INFO] Processing widget data | Context: {"data_type":"string","widgets_data_type":"string"}
[19:05:39 UTC] [INFO] Parsing widget data from JSON string
[19:05:39 UTC] [INFO] Importing widget data via ST_Widget_Importer
[19:05:39 UTC] [INFO] Starting widget import process
[19:05:39 UTC] [INFO] Checking available widgets | Context: {"widget_control_count":38}
[19:05:39 UTC] [INFO] Widget availability check completed | Context: {"available_widget_count":34,"available_widgets":["pages","calendar","archives","media_audio","media_image","media_gallery","media_video","meta","search","text","categories","recent-posts","recent-comments","rss","tag_cloud","nav_menu","custom_html","block","woocommerce_widget_cart","woocommerce_layered_nav_filters","woocommerce_layered_nav","woocommerce_price_filter","woocommerce_product_categories","woocommerce_product_search","woocommerce_product_tag_cloud","woocommerce_products","woocommerce_recently_viewed_products","woocommerce_top_rated_products","woocommerce_recent_reviews","woocommerce_rating_filter","wc_brands_brand_description","woocommerce_brand_nav","wc_brands_brand_thumbnails","currency_switcher_widget"]}
[19:05:39 UTC] [INFO] Loaded widget configuration | Context: {"available_widget_types":34,"sidebar_count":6}
[19:05:39 UTC] [INFO] Processing sidebars from import data | Context: {"sidebar_count_in_data":5}
[19:05:39 UTC] [INFO] Processing sidebar: sidebar-1 | Context: {"sidebar_name":"Main Sidebar","widget_count":5,"availability":"available"}
[19:05:39 UTC] [INFO] Processing widget: block-2 | Context: {"widget_type":"block","instance_id":"2","sidebar_id":"sidebar-1"}
[19:05:39 UTC] [WARNING] Duplicate widget skipped: block-2 | Context: {"widget_type":"block","existing_instance_id":"block-2","sidebar_id":"sidebar-1"}
[19:05:39 UTC] [INFO] Processing widget: block-3 | Context: {"widget_type":"block","instance_id":"3","sidebar_id":"sidebar-1"}
[19:05:39 UTC] [WARNING] Duplicate widget skipped: block-3 | Context: {"widget_type":"block","existing_instance_id":"block-3","sidebar_id":"sidebar-1"}
[19:05:39 UTC] [INFO] Processing widget: block-4 | Context: {"widget_type":"block","instance_id":"4","sidebar_id":"sidebar-1"}
[19:05:39 UTC] [WARNING] Duplicate widget skipped: block-4 | Context: {"widget_type":"block","existing_instance_id":"block-4","sidebar_id":"sidebar-1"}
[19:05:40 UTC] [INFO] Processing widget: block-5 | Context: {"widget_type":"block","instance_id":"5","sidebar_id":"sidebar-1"}
[19:05:40 UTC] [WARNING] Duplicate widget skipped: block-5 | Context: {"widget_type":"block","existing_instance_id":"block-5","sidebar_id":"sidebar-1"}
[19:05:40 UTC] [INFO] Processing widget: block-6 | Context: {"widget_type":"block","instance_id":"6","sidebar_id":"sidebar-1"}
[19:05:40 UTC] [WARNING] Duplicate widget skipped: block-6 | Context: {"widget_type":"block","existing_instance_id":"block-6","sidebar_id":"sidebar-1"}
[19:05:40 UTC] [INFO] Processing sidebar: footer-widget-1 | Context: {"sidebar_name":"Footer Builder Widget 1","widget_count":1,"availability":"available"}
[19:05:40 UTC] [INFO] Processing widget: nav_menu-1 | Context: {"widget_type":"nav_menu","instance_id":"1","sidebar_id":"footer-widget-1"}
[19:05:41 UTC] [INFO] Widget data formatted and saved: nav_menu | Context: {"widget_type":"nav_menu","instance_count":2,"update_result":true}
[19:05:41 UTC] [SUCCESS] Widget imported successfully: nav_menu-1 | Context: {"widget_type":"nav_menu","new_instance_id":"nav_menu-1","sidebar_id":"footer-widget-1","widget_title":"Information"}
[19:05:41 UTC] [INFO] Processing sidebar: footer-widget-2 | Context: {"sidebar_name":"Footer Builder Widget 2","widget_count":1,"availability":"available"}
[19:05:41 UTC] [INFO] Processing widget: nav_menu-2 | Context: {"widget_type":"nav_menu","instance_id":"2","sidebar_id":"footer-widget-2"}
[19:05:41 UTC] [INFO] Widget data formatted and saved: nav_menu | Context: {"widget_type":"nav_menu","instance_count":3,"update_result":true}
[19:05:41 UTC] [SUCCESS] Widget imported successfully: nav_menu-2 | Context: {"widget_type":"nav_menu","new_instance_id":"nav_menu-2","sidebar_id":"footer-widget-2","widget_title":"Discover"}
[19:05:41 UTC] [INFO] Processing sidebar: astra-woo-shop-sidebar | Context: {"sidebar_name":"WooCommerce Sidebar","widget_count":4,"availability":"available"}
[19:05:41 UTC] [INFO] Processing widget: woocommerce_product_categories-1 | Context: {"widget_type":"woocommerce_product_categories","instance_id":"1","sidebar_id":"astra-woo-shop-sidebar"}
[19:05:41 UTC] [INFO] Widget data formatted and saved: woocommerce_product_categories | Context: {"widget_type":"woocommerce_product_categories","instance_count":2,"update_result":true}
[19:05:41 UTC] [SUCCESS] Widget imported successfully: woocommerce_product_categories-1 | Context: {"widget_type":"woocommerce_product_categories","new_instance_id":"woocommerce_product_categories-1","sidebar_id":"astra-woo-shop-sidebar","widget_title":"Categories"}
[19:05:41 UTC] [INFO] Processing widget: block-7 | Context: {"widget_type":"block","instance_id":"7","sidebar_id":"astra-woo-shop-sidebar"}
[19:05:41 UTC] [INFO] Widget data formatted and saved: block | Context: {"widget_type":"block","instance_count":7,"update_result":true}
[19:05:41 UTC] [SUCCESS] Widget imported successfully: block-7 | Context: {"widget_type":"block","new_instance_id":"block-7","sidebar_id":"astra-woo-shop-sidebar","widget_title":"No Title"}
[19:05:41 UTC] [INFO] Processing widget: block-8 | Context: {"widget_type":"block","instance_id":"8","sidebar_id":"astra-woo-shop-sidebar"}
[19:05:41 UTC] [INFO] Widget data formatted and saved: block | Context: {"widget_type":"block","instance_count":8,"update_result":true}
[19:05:41 UTC] [SUCCESS] Widget imported successfully: block-8 | Context: {"widget_type":"block","new_instance_id":"block-8","sidebar_id":"astra-woo-shop-sidebar","widget_title":"No Title"}
[19:05:41 UTC] [INFO] Processing widget: block-9 | Context: {"widget_type":"block","instance_id":"9","sidebar_id":"astra-woo-shop-sidebar"}
[19:05:41 UTC] [INFO] Widget data formatted and saved: block | Context: {"widget_type":"block","instance_count":9,"update_result":true}
[19:05:41 UTC] [SUCCESS] Widget imported successfully: block-9 | Context: {"widget_type":"block","new_instance_id":"block-9","sidebar_id":"astra-woo-shop-sidebar","widget_title":"No Title"}
[19:05:41 UTC] [INFO] Processing sidebar: footer-widget-3 | Context: {"sidebar_name":"Footer Builder Widget 3","widget_count":1,"availability":"available"}
[19:05:42 UTC] [INFO] Processing widget: text-1 | Context: {"widget_type":"text","instance_id":"1","sidebar_id":"footer-widget-3"}
[19:05:42 UTC] [INFO] Widget data formatted and saved: text | Context: {"widget_type":"text","instance_count":2,"update_result":true}
[19:05:42 UTC] [SUCCESS] Widget imported successfully: text-1 | Context: {"widget_type":"text","new_instance_id":"text-1","sidebar_id":"footer-widget-3","widget_title":"Locate Us"}
[19:05:42 UTC] [INFO] Widget import process completed | Context: {"total_sidebars_processed":5,"successful_imports":7,"warnings":5,"errors":0,"total_widgets_processed":12}
[19:05:42 UTC] [INFO] Retrieving current sidebars and widgets
[19:05:42 UTC] [INFO] Backing up old widgets data | Context: {"sidebars_count":12}
[19:05:42 UTC] [SUCCESS] Widgets import completed successfully
[19:05:42 UTC] [SUCCESS] Widget Imported!
[19:05:46 UTC] [INFO] Image subsizes deferral enabled for import
[19:05:47 UTC] [INFO] ---

[19:05:47 UTC] [INFO] Setting site data: site-colors
[19:05:51 UTC] [INFO] Image subsizes deferral enabled for import
[19:05:51 UTC] [INFO] ---

[19:05:51 UTC] [INFO] Setting site data: site-typography
[19:05:56 UTC] [INFO] Image subsizes deferral enabled for import
[19:05:56 UTC] [INFO] Image subsizes deferral enabled for import
[19:05:58 UTC] [INFO] ---

[19:05:58 UTC] [INFO] Starting import end process
[19:05:58 UTC] [INFO] Finalizing import process
[19:05:58 UTC] [INFO] Setting permalink structure to post name
[19:05:58 UTC] [INFO] Executing import complete actions
[19:05:58 UTC] [INFO] Batch processing started
[19:05:58 UTC] [INFO] Batch processing queue created | Context: {"total_classes":12,"attachment_count":66,"has_images":true}
[19:05:59 UTC] [INFO] Batch processing queue dispatched to background
[19:06:00 UTC] [INFO] Batch Process Started..
[19:06:00 UTC] [INFO] Starter Templates - Importing Images for Blog name 'titanframework' (1)
[19:06:01 UTC] [SUCCESS] Import completed successfully!
[19:06:05 UTC] [INFO] Gutenberg batch processing started
[19:06:05 UTC] [INFO] Gutenberg posts retrieved for processing | Context: {"post_count":11,"post_types":"page, post, wp_block, wp_template, wp_navigation, wp_template_part, wp_global_styles, sc_form, spectra-popup, sfwd-courses, sfwd-lessons, sfwd-topic, sfwd-quiz, sfwd-certificates, sfwd-assignment"}
[19:06:05 UTC] [INFO] Processing Gutenberg post | Context: {"post_id":1238}
[19:06:05 UTC] [INFO] Updating post content (first pass) | Context: {"post_id":1238}
[19:06:05 UTC] [INFO] Starting link extraction and replacement process
[19:06:05 UTC] [INFO] Links discovered in content | Context: {"total_links":0}
[19:06:05 UTC] [INFO] No links found in content, skipping replacement
[19:06:05 UTC] [INFO] Updating post content (second pass with link replacements) | Context: {"post_id":1238}
[19:06:06 UTC] [SUCCESS] Successfully completed processing Gutenberg post | Context: {"post_id":1238}
[19:06:06 UTC] [INFO] Processing Gutenberg post | Context: {"post_id":3106}
[19:06:06 UTC] [INFO] Updating post content (first pass) | Context: {"post_id":3106}
[19:06:06 UTC] [INFO] Starting link extraction and replacement process
[19:06:06 UTC] [INFO] Links discovered in content | Context: {"total_links":0}
[19:06:06 UTC] [INFO] No links found in content, skipping replacement
[19:06:06 UTC] [INFO] Updating post content (second pass with link replacements) | Context: {"post_id":3106}
[19:06:06 UTC] [SUCCESS] Successfully completed processing Gutenberg post | Context: {"post_id":3106}
[19:06:06 UTC] [INFO] Processing Gutenberg post | Context: {"post_id":1013}
[19:06:06 UTC] [INFO] Updating post content (first pass) | Context: {"post_id":1013}
[19:06:06 UTC] [INFO] Starting link extraction and replacement process
[19:06:06 UTC] [INFO] Links discovered in content | Context: {"total_links":1}
[19:06:06 UTC] [INFO] Downloading images through ST_Image_Importer | Context: {"image_count":1}
[19:06:06 UTC] [INFO] Starting image import for URL: https://websitedemos.net/fashion-designer-boutique-09/wp-content/uploads/sites/1556/2021/07/fashion-designer-template-new-arrival-header-img.jpg
[19:06:06 UTC] [INFO] Image already exists in media library (ID: 679), skipping download
[19:06:06 UTC] [INFO] Starting link replacements in content | Context: {"replacements_count":1}
[19:06:06 UTC] [SUCCESS] Link replacement process completed | Context: {"total_replacements":1}
[19:06:06 UTC] [INFO] Updating post content (second pass with link replacements) | Context: {"post_id":1013}
[19:06:07 UTC] [SUCCESS] Successfully completed processing Gutenberg post | Context: {"post_id":1013}
[19:06:07 UTC] [INFO] Processing Gutenberg post | Context: {"post_id":1015}
[19:06:07 UTC] [INFO] Updating post content (first pass) | Context: {"post_id":1015}
[19:06:07 UTC] [INFO] Starting link extraction and replacement process
[19:06:07 UTC] [INFO] Links discovered in content | Context: {"total_links":0}
[19:06:07 UTC] [INFO] No links found in content, skipping replacement
[19:06:07 UTC] [INFO] Updating post content (second pass with link replacements) | Context: {"post_id":1015}
[19:06:07 UTC] [SUCCESS] Successfully completed processing Gutenberg post | Context: {"post_id":1015}
[19:06:07 UTC] [INFO] Processing Gutenberg post | Context: {"post_id":1009}
[19:06:07 UTC] [INFO] Updating post content (first pass) | Context: {"post_id":1009}
[19:06:07 UTC] [INFO] Starting link extraction and replacement process
[19:06:07 UTC] [INFO] Links discovered in content | Context: {"total_links":12}
[19:06:07 UTC] [INFO] Downloading images through ST_Image_Importer | Context: {"image_count":12}
[19:06:07 UTC] [INFO] Starting image import for URL: https://websitedemos.net/fashion-designer-boutique-08/wp-content/uploads/sites/965/2021/07/fashion-designer-about-owner-img.jpg
[19:06:07 UTC] [INFO] Image already exists in media library (ID: 425), skipping download
[19:06:07 UTC] [INFO] Starting image import for URL: https://websitedemos.net/fashion-designer-boutique-08/wp-content/uploads/sites/965/2021/07/signature.png
[19:06:07 UTC] [INFO] Image already exists in media library (ID: 448), skipping download
[19:06:07 UTC] [INFO] Starting image import for URL: https://websitedemos.net/fashion-designer-boutique-08/wp-content/uploads/sites/965/2021/07/logo-21.svg
[19:06:07 UTC] [INFO] Image already exists in media library (ID: 465), skipping download
[19:06:07 UTC] [INFO] Starting image import for URL: https://websitedemos.net/fashion-designer-boutique-08/wp-content/uploads/sites/965/2021/07/logo-3.svg
[19:06:08 UTC] [INFO] Image already exists in media library (ID: 469), skipping download
[19:06:08 UTC] [INFO] Starting image import for URL: https://websitedemos.net/fashion-designer-boutique-08/wp-content/uploads/sites/965/2021/07/logo-4.svg
[19:06:08 UTC] [INFO] Image already exists in media library (ID: 470), skipping download
[19:06:08 UTC] [INFO] Starting image import for URL: https://websitedemos.net/fashion-designer-boutique-08/wp-content/uploads/sites/965/2021/07/logo-22.svg
[19:06:08 UTC] [INFO] Image already exists in media library (ID: 466), skipping download
[19:06:08 UTC] [INFO] Starting image import for URL: https://websitedemos.net/fashion-designer-boutique-08/wp-content/uploads/sites/965/2021/07/logo-5.svg
[19:06:08 UTC] [INFO] Image already exists in media library (ID: 471), skipping download
[19:06:08 UTC] [INFO] Starting image import for URL: https://websitedemos.net/fashion-designer-boutique-08/wp-content/uploads/sites/965/2021/07/logo-18.svg
[19:06:08 UTC] [INFO] Image already exists in media library (ID: 472), skipping download
[19:06:08 UTC] [INFO] Starting image import for URL: https://websitedemos.net/fashion-designer-boutique-09/wp-content/uploads/sites/1556/2021/10/testimonial-4.png
[19:06:08 UTC] [INFO] Image already exists in media library (ID: 1079), skipping download
[19:06:08 UTC] [INFO] Starting image import for URL: https://websitedemos.net/fashion-designer-boutique-09/wp-content/uploads/sites/1556/2021/10/testimonial-2.png
[19:06:08 UTC] [INFO] Image already exists in media library (ID: 1081), skipping download
[19:06:08 UTC] [INFO] Starting image import for URL: https://websitedemos.net/fashion-designer-boutique-09/wp-content/uploads/sites/1556/2021/10/testimonial-1.png
[19:06:08 UTC] [INFO] Image already exists in media library (ID: 1080), skipping download
[19:06:08 UTC] [INFO] Starting image import for URL: https://websitedemos.net/fashion-designer-boutique-09/wp-content/uploads/sites/1556/2021/10/testimonial-3.png
[19:06:09 UTC] [INFO] Image already exists in media library (ID: 1082), skipping download
[19:06:09 UTC] [INFO] Starting link replacements in content | Context: {"replacements_count":12}
[19:06:09 UTC] [SUCCESS] Link replacement process completed | Context: {"total_replacements":12}
[19:06:09 UTC] [INFO] Updating post content (second pass with link replacements) | Context: {"post_id":1009}
[19:06:09 UTC] [SUCCESS] Successfully completed processing Gutenberg post | Context: {"post_id":1009}
[19:06:09 UTC] [INFO] Processing Gutenberg post | Context: {"post_id":1011}
[19:06:09 UTC] [INFO] Updating post content (first pass) | Context: {"post_id":1011}
[19:06:10 UTC] [INFO] Starting link extraction and replacement process
[19:06:10 UTC] [INFO] Links discovered in content | Context: {"total_links":6}
[19:06:10 UTC] [INFO] Downloading images through ST_Image_Importer | Context: {"image_count":6}
[19:06:10 UTC] [INFO] Starting image import for URL: https://websitedemos.net/fashion-designer-boutique-09/wp-content/uploads/sites/1556/2021/07/fashion-designer-featured-collection-4.jpg
[19:06:10 UTC] [INFO] Image already exists in media library (ID: 555), skipping download
[19:06:10 UTC] [INFO] Starting image import for URL: https://websitedemos.net/fashion-designer-boutique-09/wp-content/uploads/sites/1556/2021/07/fashion-designer-featured-collection-3.jpg
[19:06:10 UTC] [INFO] Image already exists in media library (ID: 556), skipping download
[19:06:10 UTC] [INFO] Starting image import for URL: https://websitedemos.net/fashion-designer-boutique-09/wp-content/uploads/sites/1556/2021/07/fashion-designer-featured-collection-2.jpg
[19:06:10 UTC] [INFO] Image already exists in media library (ID: 558), skipping download
[19:06:10 UTC] [INFO] Starting image import for URL: https://websitedemos.net/fashion-designer-boutique-09/wp-content/uploads/sites/1556/2021/07/fashion-designer-featured-collection-1.jpg
[19:06:10 UTC] [INFO] Image already exists in media library (ID: 557), skipping download
[19:06:10 UTC] [INFO] Starting image import for URL: https://websitedemos.net/fashion-designer-boutique-09/wp-content/uploads/sites/1556/2025/09/fashion-designer-spring-summer-collection-cover-img-759x1024-1.jpg
[19:06:10 UTC] [INFO] Image already exists in media library (ID: 3092), skipping download
[19:06:10 UTC] [INFO] Starting image import for URL: https://websitedemos.net/fashion-designer-boutique-09/wp-content/uploads/sites/1556/2025/09/fashion-designer-resort-collection-cover-img-759x1024-1.jpg
[19:06:10 UTC] [INFO] Image already exists in media library (ID: 3094), skipping download
[19:06:11 UTC] [INFO] Starting link replacements in content | Context: {"replacements_count":6}
[19:06:11 UTC] [SUCCESS] Link replacement process completed | Context: {"total_replacements":6}
[19:06:11 UTC] [INFO] Updating post content (second pass with link replacements) | Context: {"post_id":1011}
[19:06:11 UTC] [SUCCESS] Successfully completed processing Gutenberg post | Context: {"post_id":1011}
[19:06:11 UTC] [INFO] Processing Gutenberg post | Context: {"post_id":1001}
[19:06:11 UTC] [INFO] Updating post content (first pass) | Context: {"post_id":1001}
[19:06:11 UTC] [INFO] Starting link extraction and replacement process
[19:06:11 UTC] [INFO] Links discovered in content | Context: {"total_links":0}
[19:06:11 UTC] [INFO] No links found in content, skipping replacement
[19:06:11 UTC] [INFO] Updating post content (second pass with link replacements) | Context: {"post_id":1001}
[19:06:11 UTC] [SUCCESS] Successfully completed processing Gutenberg post | Context: {"post_id":1001}
[19:06:11 UTC] [INFO] Processing Gutenberg post | Context: {"post_id":1002}
[19:06:11 UTC] [INFO] Updating post content (first pass) | Context: {"post_id":1002}
[19:06:12 UTC] [INFO] Starting link extraction and replacement process
[19:06:12 UTC] [INFO] Links discovered in content | Context: {"total_links":0}
[19:06:12 UTC] [INFO] No links found in content, skipping replacement
[19:06:12 UTC] [INFO] Updating post content (second pass with link replacements) | Context: {"post_id":1002}
[19:06:12 UTC] [SUCCESS] Successfully completed processing Gutenberg post | Context: {"post_id":1002}
[19:06:12 UTC] [INFO] Processing Gutenberg post | Context: {"post_id":1003}
[19:06:12 UTC] [INFO] Updating post content (first pass) | Context: {"post_id":1003}
[19:06:12 UTC] [INFO] Starting link extraction and replacement process
[19:06:12 UTC] [INFO] Links discovered in content | Context: {"total_links":0}
[19:06:12 UTC] [INFO] No links found in content, skipping replacement
[19:06:12 UTC] [INFO] Updating post content (second pass with link replacements) | Context: {"post_id":1003}
[19:06:12 UTC] [SUCCESS] Successfully completed processing Gutenberg post | Context: {"post_id":1003}
[19:06:12 UTC] [INFO] Processing Gutenberg post | Context: {"post_id":1004}
[19:06:12 UTC] [INFO] Updating post content (first pass) | Context: {"post_id":1004}
[19:06:12 UTC] [INFO] Starting link extraction and replacement process
[19:06:12 UTC] [INFO] Links discovered in content | Context: {"total_links":0}
[19:06:12 UTC] [INFO] No links found in content, skipping replacement
[19:06:12 UTC] [INFO] Updating post content (second pass with link replacements) | Context: {"post_id":1004}
[19:06:12 UTC] [SUCCESS] Successfully completed processing Gutenberg post | Context: {"post_id":1004}
[19:06:12 UTC] [INFO] Processing Gutenberg post | Context: {"post_id":1007}
[19:06:12 UTC] [INFO] Updating post content (first pass) | Context: {"post_id":1007}
[19:06:13 UTC] [INFO] Starting link extraction and replacement process
[19:06:13 UTC] [INFO] Links discovered in content | Context: {"total_links":14}
[19:06:13 UTC] [INFO] Downloading images through ST_Image_Importer | Context: {"image_count":14}
[19:06:13 UTC] [INFO] Starting image import for URL: https://websitedemos.net/fashion-designer-boutique-09/wp-content/uploads/sites/1556/2021/10/fashion-designer-01.jpg
[19:06:13 UTC] [INFO] Image already exists in media library (ID: 1039), skipping download
[19:06:13 UTC] [INFO] Starting image import for URL: https://websitedemos.net/fashion-designer-boutique-08/wp-content/uploads/sites/965/2021/07/fashion-designer-template-new-arrivals-img.jpg
[19:06:13 UTC] [INFO] Image already exists in media library (ID: 75), skipping download
[19:06:13 UTC] [INFO] Starting image import for URL: https://websitedemos.net/fashion-designer-boutique-09/wp-content/uploads/sites/1556/2021/07/fashion-designer-template-collection-img-3.jpg
[19:06:13 UTC] [INFO] Image already exists in media library (ID: 89), skipping download
[19:06:13 UTC] [INFO] Starting image import for URL: https://websitedemos.net/fashion-designer-boutique-09/wp-content/uploads/sites/1556/2021/07/fashion-designer-template-collection-img-1.jpg
[19:06:13 UTC] [INFO] Image already exists in media library (ID: 87), skipping download
[19:06:13 UTC] [INFO] Starting image import for URL: https://websitedemos.net/fashion-designer-boutique-09/wp-content/uploads/sites/1556/2021/07/fashion-designer-template-collection-img-2.jpg
[19:06:13 UTC] [INFO] Image already exists in media library (ID: 88), skipping download
[19:06:13 UTC] [INFO] Starting image import for URL: https://websitedemos.net/fashion-designer-boutique-09/wp-content/uploads/sites/1556/2021/07/fashion-designer-template-collection-img-4.jpg
[19:06:13 UTC] [INFO] Image already exists in media library (ID: 72), skipping download
[19:06:13 UTC] [INFO] Starting image import for URL: https://websitedemos.net/fashion-designer-boutique-09/wp-content/uploads/sites/1556/2021/10/testimonial-4.png
[19:06:13 UTC] [INFO] Image already exists in media library (ID: 1079), skipping download
[19:06:13 UTC] [INFO] Starting image import for URL: https://websitedemos.net/fashion-designer-boutique-09/wp-content/uploads/sites/1556/2021/10/testimonial-2.png
[19:06:13 UTC] [INFO] Image already exists in media library (ID: 1081), skipping download
[19:06:13 UTC] [INFO] Starting image import for URL: https://websitedemos.net/fashion-designer-boutique-09/wp-content/uploads/sites/1556/2021/10/testimonial-1.png
[19:06:13 UTC] [INFO] Image already exists in media library (ID: 1080), skipping download
[19:06:13 UTC] [INFO] Starting image import for URL: https://websitedemos.net/fashion-designer-boutique-09/wp-content/uploads/sites/1556/2021/10/testimonial-3.png
[19:06:13 UTC] [INFO] Image already exists in media library (ID: 1082), skipping download
[19:06:13 UTC] [INFO] Starting image import for URL: https://websitedemos.net/fashion-designer-boutique-09/wp-content/uploads/sites/1556/2021/07/fashion-designer-template-cta-bg-img.jpg
[19:06:13 UTC] [INFO] Image already exists in media library (ID: 73), skipping download
[19:06:13 UTC] [INFO] Starting image import for URL: https://websitedemos.net/fashion-designer-boutique-09/wp-content/uploads/sites/1556/2021/07/fashion-designer-template-blog-featured-img-1.jpg
[19:06:14 UTC] [INFO] Image already exists in media library (ID: 84), skipping download
[19:06:14 UTC] [INFO] Starting image import for URL: https://websitedemos.net/fashion-designer-boutique-09/wp-content/uploads/sites/1556/2021/07/fashion-designer-template-blog-featured-img-3.jpg
[19:06:14 UTC] [INFO] Image already exists in media library (ID: 86), skipping download
[19:06:14 UTC] [INFO] Starting image import for URL: https://websitedemos.net/fashion-designer-boutique-09/wp-content/uploads/sites/1556/2021/07/fashion-designer-template-blog-featured-img-2.jpg
[19:06:14 UTC] [INFO] Image already exists in media library (ID: 85), skipping download
[19:06:14 UTC] [INFO] Starting link replacements in content | Context: {"replacements_count":14}
[19:06:14 UTC] [SUCCESS] Link replacement process completed | Context: {"total_replacements":14}
[19:06:14 UTC] [INFO] Updating post content (second pass with link replacements) | Context: {"post_id":1007}
[19:06:14 UTC] [SUCCESS] Successfully completed processing Gutenberg post | Context: {"post_id":1007}
[19:06:14 UTC] [SUCCESS] Gutenberg batch processing completed successfully | Context: {"posts_processed":11}
[19:06:14 UTC] [INFO] Elementor batch processing started
[19:06:14 UTC] [INFO] Elementor posts retrieved for processing | Context: {"post_count":11,"post_types":"page, post, wp_block, wp_template, wp_navigation, wp_template_part, wp_global_styles, sc_form"}
[19:06:14 UTC] [INFO] Processing Elementor post | Context: {"post_id":1238}
[19:06:14 UTC] [INFO] Skipping post - not an Elementor page or missing data | Context: {"post_id":1238,"has_version":false,"has_data":false}
[19:06:14 UTC] [INFO] Processing Elementor post | Context: {"post_id":3106}
[19:06:14 UTC] [INFO] Skipping post - not an Elementor page or missing data | Context: {"post_id":3106,"has_version":false,"has_data":false}
[19:06:14 UTC] [INFO] Processing Elementor post | Context: {"post_id":1013}
[19:06:14 UTC] [INFO] Skipping post - not an Elementor page or missing data | Context: {"post_id":1013,"has_version":false,"has_data":false}
[19:06:14 UTC] [INFO] Processing Elementor post | Context: {"post_id":1015}
[19:06:14 UTC] [INFO] Skipping post - not an Elementor page or missing data | Context: {"post_id":1015,"has_version":false,"has_data":false}
[19:06:14 UTC] [INFO] Processing Elementor post | Context: {"post_id":1009}
[19:06:14 UTC] [INFO] Skipping post - not an Elementor page or missing data | Context: {"post_id":1009,"has_version":false,"has_data":false}
[19:06:14 UTC] [INFO] Processing Elementor post | Context: {"post_id":1011}
[19:06:14 UTC] [INFO] Skipping post - not an Elementor page or missing data | Context: {"post_id":1011,"has_version":false,"has_data":false}
[19:06:14 UTC] [INFO] Processing Elementor post | Context: {"post_id":1001}
[19:06:14 UTC] [INFO] Skipping post - not an Elementor page or missing data | Context: {"post_id":1001,"has_version":false,"has_data":false}
[19:06:14 UTC] [INFO] Processing Elementor post | Context: {"post_id":1002}
[19:06:14 UTC] [INFO] Skipping post - not an Elementor page or missing data | Context: {"post_id":1002,"has_version":false,"has_data":false}
[19:06:14 UTC] [INFO] Processing Elementor post | Context: {"post_id":1003}
[19:06:14 UTC] [INFO] Skipping post - not an Elementor page or missing data | Context: {"post_id":1003,"has_version":false,"has_data":false}
[19:06:14 UTC] [INFO] Processing Elementor post | Context: {"post_id":1004}
[19:06:14 UTC] [INFO] Skipping post - not an Elementor page or missing data | Context: {"post_id":1004,"has_version":false,"has_data":false}
[19:06:14 UTC] [INFO] Processing Elementor post | Context: {"post_id":1007}
[19:06:14 UTC] [INFO] Skipping post - not an Elementor page or missing data | Context: {"post_id":1007,"has_version":false,"has_data":false}
[19:06:14 UTC] [SUCCESS] Elementor batch processing completed successfully | Context: {"posts_processed":11}
[19:06:14 UTC] [INFO] Misc batch processing started
[19:06:14 UTC] [INFO] Misc batch processing skipped (not AI template)
[19:06:15 UTC] [INFO] Customizer image download batch processing started
[19:06:15 UTC] [INFO] Starting customizer image processing | Context: {"customizer_options_count":2456}
[19:06:15 UTC] [SUCCESS] Customizer image download completed | Context: {"options_processed":2456,"images_processed_successfully":0,"images_failed":0,"total_images_attempted":0}
[19:06:15 UTC] [SUCCESS] Customizer batch import method completed
[19:06:15 UTC] [INFO] Starting CE image metadata processing | Context: {"total_attachments":66,"offset":10,"chunk_size":10}
[19:06:15 UTC] [INFO] Processing CE image batch | Context: {"batch_size":10,"offset":10}
[19:06:15 UTC] [INFO] Generating attachment metadata | Context: {"attachment_id":84,"file":"fashion-designer-template-blog-featured-img-1.jpg"}
[19:06:16 UTC] [INFO] Generating attachment metadata | Context: {"attachment_id":85,"file":"fashion-designer-template-blog-featured-img-2.jpg"}
[19:06:17 UTC] [INFO] Generating attachment metadata | Context: {"attachment_id":86,"file":"fashion-designer-template-blog-featured-img-3.jpg"}
[19:06:17 UTC] [INFO] Generating attachment metadata | Context: {"attachment_id":87,"file":"fashion-designer-template-collection-img-1.jpg"}
[19:06:17 UTC] [INFO] Generating attachment metadata | Context: {"attachment_id":88,"file":"fashion-designer-template-collection-img-2.jpg"}
[19:06:18 UTC] [INFO] Generating attachment metadata | Context: {"attachment_id":89,"file":"fashion-designer-template-collection-img-3.jpg"}
[19:06:18 UTC] [INFO] Generating attachment metadata | Context: {"attachment_id":289,"file":"favicon.png"}
[19:06:19 UTC] [INFO] Generating attachment metadata | Context: {"attachment_id":290,"file":"cropped-favicon.png"}
[19:06:20 UTC] [INFO] Generating attachment metadata | Context: {"attachment_id":307,"file":"fashion-designer-template-product-img-3.jpg"}
[19:06:21 UTC] [INFO] Generating attachment metadata | Context: {"attachment_id":308,"file":"fashion-designer-template-product-img-4.jpg"}
[19:06:21 UTC] [SUCCESS] CE image batch processing completed | Context: {"successful":10,"errors":0,"new_offset":20}
[19:06:21 UTC] [INFO] Starting CE image metadata processing | Context: {"total_attachments":66,"offset":20,"chunk_size":10}
[19:06:21 UTC] [INFO] Processing CE image batch | Context: {"batch_size":10,"offset":20}
[19:06:21 UTC] [INFO] Generating attachment metadata | Context: {"attachment_id":309,"file":"fashion-designer-template-product-img-5.jpg"}
[19:06:22 UTC] [INFO] Generating attachment metadata | Context: {"attachment_id":310,"file":"fashion-designer-template-product-img-6.jpg"}
[19:06:23 UTC] [INFO] Generating attachment metadata | Context: {"attachment_id":311,"file":"fashion-designer-template-product-img-7.jpg"}
[19:06:24 UTC] [INFO] Generating attachment metadata | Context: {"attachment_id":312,"file":"fashion-designer-template-product-img-8.jpg"}
[19:06:25 UTC] [INFO] Generating attachment metadata | Context: {"attachment_id":313,"file":"fashion-designer-template-product-img-9.jpg"}
[19:06:28 UTC] [INFO] Generating attachment metadata | Context: {"attachment_id":314,"file":"fashion-designer-template-product-img-10.jpg"}
[19:06:30 UTC] [INFO] Generating attachment metadata | Context: {"attachment_id":315,"file":"fashion-designer-template-product-img-11.jpg"}
[19:06:32 UTC] [INFO] Generating attachment metadata | Context: {"attachment_id":316,"file":"fashion-designer-template-product-img-12.jpg"}
[19:06:34 UTC] [INFO] Generating attachment metadata | Context: {"attachment_id":317,"file":"fashion-designer-template-product-img-13.jpg"}
[19:06:36 UTC] [INFO] Generating attachment metadata | Context: {"attachment_id":318,"file":"fashion-designer-template-product-img-14.jpg"}
[19:06:38 UTC] [SUCCESS] CE image batch processing completed | Context: {"successful":10,"errors":0,"new_offset":30}
[19:06:44 UTC] [INFO] Import process completed. Cleaning up log file option.